<?xml version="1.0" encoding="UTF-8"?>
<testsuite xmlns:xsi="http://www.w3.org/2001/XMLSchema-instance" xsi:noNamespaceSchemaLocation="https://maven.apache.org/surefire/maven-surefire-plugin/xsd/surefire-test-report-3.0.xsd" version="3.0" name="calculator.EntryTest" time="0.083" tests="8" errors="0" skipped="0" failures="0">
  <properties>
[...]
</properties>
  <testcase name="testGetValue" classname="calculator.EntryTest" time="0.039"/>
  <testcase name="testToString" classname="calculator.EntryTest" time="0.002"/>
  <testcase name="testGetType" classname="calculator.EntryTest" time="0.001"/>
  <testcase name="testGetBadType" classname="calculator.EntryTest" time="0.003"/>
  <testcase name="testHashCode" classname="calculator.EntryTest" time="0.001"/>
  <testcase name="testEquals" classname="calculator.EntryTest" time="0.002"/>
  <testcase name="testGetString" classname="calculator.EntryTest" time="0.002"/>
  <testcase name="testGetSymbol" classname="calculator.EntryTest" time="0.001"/>
</testsuite>